0 info it worked if it ends with ok
1 verbose cli [ '/usr/local/Cellar/node/6.5.0/bin/node',
1 verbose cli   '/usr/local/bin/npm',
1 verbose cli   'start' ]
2 info using npm@3.10.3
3 info using node@v6.5.0
4 verbose run-script [ 'prestart', 'start', 'poststart' ]
5 info lifecycle elm-webpack-starter@0.8.4~prestart: elm-webpack-starter@0.8.4
6 silly lifecycle elm-webpack-starter@0.8.4~prestart: no script for prestart, continuing
7 info lifecycle elm-webpack-starter@0.8.4~start: elm-webpack-starter@0.8.4
8 verbose lifecycle elm-webpack-starter@0.8.4~start: unsafe-perm in lifecycle true
9 verbose lifecycle elm-webpack-starter@0.8.4~start: PATH: /usr/local/lib/node_modules/npm/bin/node-gyp-bin:/Users/samu/git/sage_solitaire_clone/node_modules/.bin:/usr/local/Cellar/node/6.5.0/bin:/Users/samu/.rbenv/shims:/Users/samu/.pyenv/shims:/Users/samu/.local/bin:/Users/samu/.rbenv/bin:/usr/local/bin:/usr/bin:/bin:/usr/sbin:/sbin:/usr/local/share/npm/bin:/usr/texbin:/Users/samu/bin:/usr/bin:/bin:/usr/sbin:/sbin:/usr/local/bin:/Users/samu/.fzf/bin
10 verbose lifecycle elm-webpack-starter@0.8.4~start: CWD: /Users/samu/git/sage_solitaire_clone
11 silly lifecycle elm-webpack-starter@0.8.4~start: Args: [ '-c', 'webpack-dev-server --hot --inline' ]
12 silly lifecycle elm-webpack-starter@0.8.4~start: Returned: code: 1  signal: null
13 info lifecycle elm-webpack-starter@0.8.4~start: Failed to exec start script
14 verbose stack Error: elm-webpack-starter@0.8.4 start: `webpack-dev-server --hot --inline`
14 verbose stack Exit status 1
14 verbose stack     at EventEmitter.<anonymous> (/usr/local/lib/node_modules/npm/lib/utils/lifecycle.js:242:16)
14 verbose stack     at emitTwo (events.js:106:13)
14 verbose stack     at EventEmitter.emit (events.js:191:7)
14 verbose stack     at ChildProcess.<anonymous> (/usr/local/lib/node_modules/npm/lib/utils/spawn.js:40:14)
14 verbose stack     at emitTwo (events.js:106:13)
14 verbose stack     at ChildProcess.emit (events.js:191:7)
14 verbose stack     at maybeClose (internal/child_process.js:877:16)
14 verbose stack     at Process.ChildProcess._handle.onexit (internal/child_process.js:226:5)
15 verbose pkgid elm-webpack-starter@0.8.4
16 verbose cwd /Users/samu/git/sage_solitaire_clone
17 error Darwin 15.6.0
18 error argv "/usr/local/Cellar/node/6.5.0/bin/node" "/usr/local/bin/npm" "start"
19 error node v6.5.0
20 error npm  v3.10.3
21 error code ELIFECYCLE
22 error elm-webpack-starter@0.8.4 start: `webpack-dev-server --hot --inline`
22 error Exit status 1
23 error Failed at the elm-webpack-starter@0.8.4 start script 'webpack-dev-server --hot --inline'.
23 error Make sure you have the latest version of node.js and npm installed.
23 error If you do, this is most likely a problem with the elm-webpack-starter package,
23 error not with npm itself.
23 error Tell the author that this fails on your system:
23 error     webpack-dev-server --hot --inline
23 error You can get information on how to open an issue for this project with:
23 error     npm bugs elm-webpack-starter
23 error Or if that isn't available, you can get their info via:
23 error     npm owner ls elm-webpack-starter
23 error There is likely additional logging output above.
24 verbose exit [ 1, true ]
